app/build/intermediates/manifest_merge_blame_file/debug/manifest-merger-blame-debug-report.txt
1<?xml version="1.0" encoding="utf-8"?>
2<manifest xmlns:android="http://schemas.android.com/apk/res/android"
3    package="com.example.smartwindow"
4    android:versionCode="1"
5    android:versionName="1.0" >
6
7    <uses-sdk
8        android:minSdkVersion="28"
8-->src\main\AndroidManifest.xml
9        android:targetSdkVersion="33" />
9-->src\main\AndroidManifest.xml
10
11    <uses-permission android:name="android.permission.INTERNET" />
11-->src\main\AndroidManifest.xml:5:5-67
11-->src\main\AndroidManifest.xml:5:22-64
12    <uses-permission android:name="android.permission.CALL_PHON" />
12-->src\main\AndroidManifest.xml:6:5-68
12-->src\main\AndroidManifest.xml:6:22-65
13    <uses-permission android:name="android.permission.ACCESS_NETWORK_STATE" />
13-->[com.google.firebase:firebase-messaging:23.1.0] AndroidManifest.xml:24:5-79
13-->[com.google.firebase:firebase-messaging:23.1.0] AndroidManifest.xml:24:22-76
14    <uses-permission android:name="android.permission.POST_NOTIFICATIONS" />
14-->[com.google.firebase:firebase-messaging:23.1.0] AndroidManifest.xml:25:5-77
14-->[com.google.firebase:firebase-messaging:23.1.0] AndroidManifest.xml:25:22-74
15    <uses-permission android:name="android.permission.WAKE_LOCK" /> <!-- Required by older versions of Google Play services to create IID tokens -->
15-->[com.google.firebase:firebase-messaging:23.1.0] AndroidManifest.xml:26:5-68
15-->[com.google.firebase:firebase-messaging:23.1.0] AndroidManifest.xml:26:22-65
16    <uses-permission android:name="com.google.android.c2dm.permission.RECEIVE" />
16-->[com.google.firebase:firebase-messaging:23.1.0] AndroidManifest.xml:28:5-82
16-->[com.google.firebase:firebase-messaging:23.1.0] AndroidManifest.xml:28:22-79
17    <uses-permission android:name="com.google.android.finsky.permission.BIND_GET_INSTALL_REFERRER_SERVICE" />
17-->[com.google.android.gms:play-services-measurement:21.2.0] AndroidManifest.xml:26:5-110
17-->[com.google.android.gms:play-services-measurement:21.2.0] AndroidManifest.xml:26:22-107
18    <uses-permission android:name="com.google.android.gms.permission.AD_ID" />
18-->[com.google.android.gms:play-services-measurement-impl:21.2.0] AndroidManifest.xml:27:5-79
18-->[com.google.android.gms:play-services-measurement-impl:21.2.0] AndroidManifest.xml:27:22-76
19
20    <application
20-->src\main\AndroidManifest.xml:8:5-56:19
21        android:allowBackup="true"
21-->src\main\AndroidManifest.xml:10:9-35
22        android:appComponentFactory="androidx.core.app.CoreComponentFactory"
22-->[androidx.core:core:1.8.0] AndroidManifest.xml:24:18-86
23        android:dataExtractionRules="@xml/data_extraction_rules"
23-->src\main\AndroidManifest.xml:11:9-65
24        android:debuggable="true"
25        android:extractNativeLibs="false"
26        android:fullBackupContent="@xml/backup_rules"
26-->src\main\AndroidManifest.xml:12:9-54
27        android:icon="@mipmap/ic_launcher"
27-->src\main\AndroidManifest.xml:13:9-43
28        android:label="@string/app_name"
28-->src\main\AndroidManifest.xml:9:9-41
29        android:roundIcon="@mipmap/ic_launcher_round"
29-->src\main\AndroidManifest.xml:14:9-54
30        android:supportsRtl="true"
30-->src\main\AndroidManifest.xml:15:9-35
31        android:testOnly="true"
32        android:theme="@style/Theme.AppCompat.Light.NoActionBar"
32-->src\main\AndroidManifest.xml:16:9-65
33        android:usesCleartextTraffic="true" >
33-->src\main\AndroidManifest.xml:17:9-44
34        <activity
34-->src\main\AndroidManifest.xml:21:9-27:20
35            android:name="com.example.smartwindow.SettingsActivity"
35-->src\main\AndroidManifest.xml:22:13-45
36            android:exported="false" >
36-->src\main\AndroidManifest.xml:23:13-37
37            <meta-data
37-->src\main\AndroidManifest.xml:24:13-26:36
38                android:name="android.app.lib_name"
38-->src\main\AndroidManifest.xml:25:17-52
39                android:value="" />
39-->src\main\AndroidManifest.xml:26:17-33
40        </activity>
41        <activity
41-->src\main\AndroidManifest.xml:28:9-34:20
42            android:name="com.example.smartwindow.CctvActivity"
42-->src\main\AndroidManifest.xml:29:13-41
43            android:exported="false" >
43-->src\main\AndroidManifest.xml:30:13-37
44            <meta-data
44-->src\main\AndroidManifest.xml:24:13-26:36
45                android:name="android.app.lib_name"
45-->src\main\AndroidManifest.xml:25:17-52
46                android:value="" />
46-->src\main\AndroidManifest.xml:26:17-33
47        </activity>
48        <activity
48-->src\main\AndroidManifest.xml:35:9-47:20
49            android:name="com.example.smartwindow.MainActivity"
49-->src\main\AndroidManifest.xml:36:13-41
50            android:exported="true" >
50-->src\main\AndroidManifest.xml:37:13-36
51            <intent-filter>
51-->src\main\AndroidManifest.xml:38:13-42:29
52                <action android:name="android.intent.action.MAIN" />
52-->src\main\AndroidManifest.xml:39:17-69
52-->src\main\AndroidManifest.xml:39:25-66
53
54                <category android:name="android.intent.category.LAUNCHER" />
54-->src\main\AndroidManifest.xml:41:17-77
54-->src\main\AndroidManifest.xml:41:27-74
55            </intent-filter>
56
57            <meta-data
57-->src\main\AndroidManifest.xml:24:13-26:36
58                android:name="android.app.lib_name"
58-->src\main\AndroidManifest.xml:25:17-52
59                android:value="" />
59-->src\main\AndroidManifest.xml:26:17-33
60        </activity>
61
62        <service
62-->src\main\AndroidManifest.xml:49:9-55:19
63            android:name="com.example.smartwindow.FcmReceiveService"
63-->src\main\AndroidManifest.xml:50:13-46
64            android:exported="true" >
64-->src\main\AndroidManifest.xml:51:13-36
65            <intent-filter>
65-->src\main\AndroidManifest.xml:52:13-54:29
66                <action android:name="com.google.firebase.MESSAGING_EVENT" />
66-->src\main\AndroidManifest.xml:53:17-78
66-->src\main\AndroidManifest.xml:53:25-75
67            </intent-filter>
68        </service>
69        <service
69-->[com.google.firebase:firebase-messaging-ktx:23.1.0] AndroidManifest.xml:25:9-31:19
70            android:name="com.google.firebase.components.ComponentDiscoveryService"
70-->[com.google.firebase:firebase-messaging-ktx:23.1.0] AndroidManifest.xml:26:13-84
71            android:directBootAware="true"
71-->[com.google.firebase:firebase-common:20.2.0] AndroidManifest.xml:34:13-43
72            android:exported="false" >
72-->[com.google.firebase:firebase-messaging-ktx:23.1.0] AndroidManifest.xml:27:13-37
73            <meta-data
73-->[com.google.firebase:firebase-messaging-ktx:23.1.0] AndroidManifest.xml:28:13-30:85
74                android:name="com.google.firebase.components:com.google.firebase.messaging.ktx.FirebaseMessagingKtxRegistrar"
74-->[com.google.firebase:firebase-messaging-ktx:23.1.0] AndroidManifest.xml:29:17-126
75                android:value="com.google.firebase.components.ComponentRegistrar" />
75-->[com.google.firebase:firebase-messaging-ktx:23.1.0] AndroidManifest.xml:30:17-82
76            <meta-data
76-->[com.google.firebase:firebase-auth-ktx:21.1.0] AndroidManifest.xml:11:13-13:85
77                android:name="com.google.firebase.components:com.google.firebase.auth.ktx.FirebaseAuthKtxRegistrar"
77-->[com.google.firebase:firebase-auth-ktx:21.1.0] AndroidManifest.xml:12:17-116
78                android:value="com.google.firebase.components.ComponentRegistrar" />
78-->[com.google.firebase:firebase-auth-ktx:21.1.0] AndroidManifest.xml:13:17-82
79            <meta-data
79-->[com.google.firebase:firebase-common-ktx:20.2.0] AndroidManifest.xml:14:13-16:85
80                android:name="com.google.firebase.components:com.google.firebase.ktx.FirebaseCommonKtxRegistrar"
80-->[com.google.firebase:firebase-common-ktx:20.2.0] AndroidManifest.xml:15:17-113
81                android:value="com.google.firebase.components.ComponentRegistrar" />
81-->[com.google.firebase:firebase-common-ktx:20.2.0] AndroidManifest.xml:16:17-82
82            <meta-data
82-->[com.google.firebase:firebase-messaging:23.1.0] AndroidManifest.xml:55:13-57:85
83                android:name="com.google.firebase.components:com.google.firebase.messaging.FirebaseMessagingRegistrar"
83-->[com.google.firebase:firebase-messaging:23.1.0] AndroidManifest.xml:56:17-119
84                android:value="com.google.firebase.components.ComponentRegistrar" />
84-->[com.google.firebase:firebase-messaging:23.1.0] AndroidManifest.xml:57:17-82
85            <meta-data
85-->[com.google.firebase:firebase-database:20.1.0] AndroidManifest.xml:31:13-33:85
86                android:name="com.google.firebase.components:com.google.firebase.database.DatabaseRegistrar"
86-->[com.google.firebase:firebase-database:20.1.0] AndroidManifest.xml:32:17-109
87                android:value="com.google.firebase.components.ComponentRegistrar" />
87-->[com.google.firebase:firebase-database:20.1.0] AndroidManifest.xml:33:17-82
88            <meta-data
88-->[com.google.firebase:firebase-auth:21.1.0] AndroidManifest.xml:67:13-69:85
89                android:name="com.google.firebase.components:com.google.firebase.auth.FirebaseAuthRegistrar"
89-->[com.google.firebase:firebase-auth:21.1.0] AndroidManifest.xml:68:17-109
90                android:value="com.google.firebase.components.ComponentRegistrar" />
90-->[com.google.firebase:firebase-auth:21.1.0] AndroidManifest.xml:69:17-82
91            <meta-data
91-->[com.google.android.gms:play-services-measurement-api:21.2.0] AndroidManifest.xml:31:13-33:85
92                android:name="com.google.firebase.components:com.google.firebase.analytics.connector.internal.AnalyticsConnectorRegistrar"
92-->[com.google.android.gms:play-services-measurement-api:21.2.0] AndroidManifest.xml:32:17-139
93                android:value="com.google.firebase.components.ComponentRegistrar" />
93-->[com.google.android.gms:play-services-measurement-api:21.2.0] AndroidManifest.xml:33:17-82
94            <meta-data
94-->[com.google.firebase:firebase-installations:17.1.0] AndroidManifest.xml:17:13-19:85
95                android:name="com.google.firebase.components:com.google.firebase.installations.FirebaseInstallationsRegistrar"
95-->[com.google.firebase:firebase-installations:17.1.0] AndroidManifest.xml:18:17-127
96                android:value="com.google.firebase.components.ComponentRegistrar" />
96-->[com.google.firebase:firebase-installations:17.1.0] AndroidManifest.xml:19:17-82
97            <meta-data
97-->[com.google.firebase:firebase-datatransport:18.1.7] AndroidManifest.xml:27:13-29:85
98                android:name="com.google.firebase.components:com.google.firebase.datatransport.TransportRegistrar"
98-->[com.google.firebase:firebase-datatransport:18.1.7] AndroidManifest.xml:28:17-115
99                android:value="com.google.firebase.components.ComponentRegistrar" />
99-->[com.google.firebase:firebase-datatransport:18.1.7] AndroidManifest.xml:29:17-82
100        </service>
101
102        <receiver
102-->[com.google.firebase:firebase-messaging:23.1.0] AndroidManifest.xml:31:9-38:20
103            android:name="com.google.firebase.iid.FirebaseInstanceIdReceiver"
103-->[com.google.firebase:firebase-messaging:23.1.0] AndroidManifest.xml:32:13-78
104            android:exported="true"
104-->[com.google.firebase:firebase-messaging:23.1.0] AndroidManifest.xml:33:13-36
105            android:permission="com.google.android.c2dm.permission.SEND" >
105-->[com.google.firebase:firebase-messaging:23.1.0] AndroidManifest.xml:34:13-73
106            <intent-filter>
106-->[com.google.firebase:firebase-messaging:23.1.0] AndroidManifest.xml:35:13-37:29
107                <action android:name="com.google.android.c2dm.intent.RECEIVE" />
107-->[com.google.firebase:firebase-messaging:23.1.0] AndroidManifest.xml:36:17-81
107-->[com.google.firebase:firebase-messaging:23.1.0] AndroidManifest.xml:36:25-78
108            </intent-filter>
109        </receiver>
110        <!--
111             FirebaseMessagingService performs security checks at runtime,
112             but set to not exported to explicitly avoid allowing another app to call it.
113        -->
114        <service
114-->[com.google.firebase:firebase-messaging:23.1.0] AndroidManifest.xml:44:9-51:19
115            android:name="com.google.firebase.messaging.FirebaseMessagingService"
115-->[com.google.firebase:firebase-messaging:23.1.0] AndroidManifest.xml:45:13-82
116            android:directBootAware="true"
116-->[com.google.firebase:firebase-messaging:23.1.0] AndroidManifest.xml:46:13-43
117            android:exported="false" >
117-->[com.google.firebase:firebase-messaging:23.1.0] AndroidManifest.xml:47:13-37
118            <intent-filter android:priority="-500" >
118-->src\main\AndroidManifest.xml:52:13-54:29
119                <action android:name="com.google.firebase.MESSAGING_EVENT" />
119-->src\main\AndroidManifest.xml:53:17-78
119-->src\main\AndroidManifest.xml:53:25-75
120            </intent-filter>
121        </service>
122
123        <activity
123-->[com.google.firebase:firebase-auth:21.1.0] AndroidManifest.xml:27:9-44:20
124            android:name="com.google.firebase.auth.internal.GenericIdpActivity"
124-->[com.google.firebase:firebase-auth:21.1.0] AndroidManifest.xml:28:13-80
125            android:excludeFromRecents="true"
125-->[com.google.firebase:firebase-auth:21.1.0] AndroidManifest.xml:29:13-46
126            android:exported="true"
126-->[com.google.firebase:firebase-auth:21.1.0] AndroidManifest.xml:30:13-36
127            android:launchMode="singleTask"
127-->[com.google.firebase:firebase-auth:21.1.0] AndroidManifest.xml:31:13-44
128            android:theme="@android:style/Theme.Translucent.NoTitleBar" >
128-->[com.google.firebase:firebase-auth:21.1.0] AndroidManifest.xml:32:13-72
129            <intent-filter>
129-->[com.google.firebase:firebase-auth:21.1.0] AndroidManifest.xml:33:13-43:29
130                <action android:name="android.intent.action.VIEW" />
130-->[com.google.firebase:firebase-auth:21.1.0] AndroidManifest.xml:34:17-69
130-->[com.google.firebase:firebase-auth:21.1.0] AndroidManifest.xml:34:25-66
131
132                <category android:name="android.intent.category.DEFAULT" />
132-->[com.google.firebase:firebase-auth:21.1.0] AndroidManifest.xml:36:17-76
132-->[com.google.firebase:firebase-auth:21.1.0] AndroidManifest.xml:36:27-73
133                <category android:name="android.intent.category.BROWSABLE" />
133-->[com.google.firebase:firebase-auth:21.1.0] AndroidManifest.xml:37:17-78
133-->[com.google.firebase:firebase-auth:21.1.0] AndroidManifest.xml:37:27-75
134
135                <data
135-->[com.google.firebase:firebase-auth:21.1.0] AndroidManifest.xml:39:17-42:51
136                    android:host="firebase.auth"
136-->[com.google.firebase:firebase-auth:21.1.0] AndroidManifest.xml:40:21-49
137                    android:path="/"
137-->[com.google.firebase:firebase-auth:21.1.0] AndroidManifest.xml:41:21-37
138                    android:scheme="genericidp" />
138-->[com.google.firebase:firebase-auth:21.1.0] AndroidManifest.xml:42:21-48
139            </intent-filter>
140        </activity>
141        <activity
141-->[com.google.firebase:firebase-auth:21.1.0] AndroidManifest.xml:45:9-62:20
142            android:name="com.google.firebase.auth.internal.RecaptchaActivity"
142-->[com.google.firebase:firebase-auth:21.1.0] AndroidManifest.xml:46:13-79
143            android:excludeFromRecents="true"
143-->[com.google.firebase:firebase-auth:21.1.0] AndroidManifest.xml:47:13-46
144            android:exported="true"
144-->[com.google.firebase:firebase-auth:21.1.0] AndroidManifest.xml:48:13-36
145            android:launchMode="singleTask"
145-->[com.google.firebase:firebase-auth:21.1.0] AndroidManifest.xml:49:13-44
146            android:theme="@android:style/Theme.Translucent.NoTitleBar" >
146-->[com.google.firebase:firebase-auth:21.1.0] AndroidManifest.xml:50:13-72
147            <intent-filter>
147-->[com.google.firebase:firebase-auth:21.1.0] AndroidManifest.xml:51:13-61:29
148                <action android:name="android.intent.action.VIEW" />
148-->[com.google.firebase:firebase-auth:21.1.0] AndroidManifest.xml:34:17-69
148-->[com.google.firebase:firebase-auth:21.1.0] AndroidManifest.xml:34:25-66
149
150                <category android:name="android.intent.category.DEFAULT" />
150-->[com.google.firebase:firebase-auth:21.1.0] AndroidManifest.xml:36:17-76
150-->[com.google.firebase:firebase-auth:21.1.0] AndroidManifest.xml:36:27-73
151                <category android:name="android.intent.category.BROWSABLE" />
151-->[com.google.firebase:firebase-auth:21.1.0] AndroidManifest.xml:37:17-78
151-->[com.google.firebase:firebase-auth:21.1.0] AndroidManifest.xml:37:27-75
152
153                <data
153-->[com.google.firebase:firebase-auth:21.1.0] AndroidManifest.xml:39:17-42:51
154                    android:host="firebase.auth"
154-->[com.google.firebase:firebase-auth:21.1.0] AndroidManifest.xml:40:21-49
155                    android:path="/"
155-->[com.google.firebase:firebase-auth:21.1.0] AndroidManifest.xml:41:21-37
156                    android:scheme="recaptcha" />
156-->[com.google.firebase:firebase-auth:21.1.0] AndroidManifest.xml:42:21-48
157            </intent-filter>
158        </activity>
159        <activity
159-->[com.google.android.gms:play-services-base:18.0.1] AndroidManifest.xml:20:9-22:45
160            android:name="com.google.android.gms.common.api.GoogleApiActivity"
160-->[com.google.android.gms:play-services-base:18.0.1] AndroidManifest.xml:20:19-85
161            android:exported="false"
161-->[com.google.android.gms:play-services-base:18.0.1] AndroidManifest.xml:22:19-43
162            android:theme="@android:style/Theme.Translucent.NoTitleBar" />
162-->[com.google.android.gms:play-services-base:18.0.1] AndroidManifest.xml:21:19-78
163
164        <receiver
164-->[com.google.android.gms:play-services-measurement:21.2.0] AndroidManifest.xml:29:9-33:20
165            android:name="com.google.android.gms.measurement.AppMeasurementReceiver"
165-->[com.google.android.gms:play-services-measurement:21.2.0] AndroidManifest.xml:30:13-85
166            android:enabled="true"
166-->[com.google.android.gms:play-services-measurement:21.2.0] AndroidManifest.xml:31:13-35
167            android:exported="false" >
167-->[com.google.android.gms:play-services-measurement:21.2.0] AndroidManifest.xml:32:13-37
168        </receiver>
169
170        <service
170-->[com.google.android.gms:play-services-measurement:21.2.0] AndroidManifest.xml:35:9-38:40
171            android:name="com.google.android.gms.measurement.AppMeasurementService"
171-->[com.google.android.gms:play-services-measurement:21.2.0] AndroidManifest.xml:36:13-84
172            android:enabled="true"
172-->[com.google.android.gms:play-services-measurement:21.2.0] AndroidManifest.xml:37:13-35
173            android:exported="false" />
173-->[com.google.android.gms:play-services-measurement:21.2.0] AndroidManifest.xml:38:13-37
174        <service
174-->[com.google.android.gms:play-services-measurement:21.2.0] AndroidManifest.xml:39:9-43:72
175            android:name="com.google.android.gms.measurement.AppMeasurementJobService"
175-->[com.google.android.gms:play-services-measurement:21.2.0] AndroidManifest.xml:40:13-87
176            android:enabled="true"
176-->[com.google.android.gms:play-services-measurement:21.2.0] AndroidManifest.xml:41:13-35
177            android:exported="false"
177-->[com.google.android.gms:play-services-measurement:21.2.0] AndroidManifest.xml:42:13-37
178            android:permission="android.permission.BIND_JOB_SERVICE" />
178-->[com.google.android.gms:play-services-measurement:21.2.0] AndroidManifest.xml:43:13-69
179
180        <provider
180-->[com.google.firebase:firebase-common:20.2.0] AndroidManifest.xml:25:9-30:39
181            android:name="com.google.firebase.provider.FirebaseInitProvider"
181-->[com.google.firebase:firebase-common:20.2.0] AndroidManifest.xml:26:13-77
182            android:authorities="com.example.smartwindow.firebaseinitprovider"
182-->[com.google.firebase:firebase-common:20.2.0] AndroidManifest.xml:27:13-72
183            android:directBootAware="true"
183-->[com.google.firebase:firebase-common:20.2.0] AndroidManifest.xml:28:13-43
184            android:exported="false"
184-->[com.google.firebase:firebase-common:20.2.0] AndroidManifest.xml:29:13-37
185            android:initOrder="100" />
185-->[com.google.firebase:firebase-common:20.2.0] AndroidManifest.xml:30:13-36
186
187        <meta-data
187-->[com.google.android.gms:play-services-basement:18.1.0] AndroidManifest.xml:21:9-23:69
188            android:name="com.google.android.gms.version"
188-->[com.google.android.gms:play-services-basement:18.1.0] AndroidManifest.xml:22:13-58
189            android:value="@integer/google_play_services_version" />
189-->[com.google.android.gms:play-services-basement:18.1.0] AndroidManifest.xml:23:13-66
190
191        <uses-library
191-->[androidx.window:window:1.0.0] AndroidManifest.xml:25:9-27:40
192            android:name="androidx.window.extensions"
192-->[androidx.window:window:1.0.0] AndroidManifest.xml:26:13-54
193            android:required="false" />
193-->[androidx.window:window:1.0.0] AndroidManifest.xml:27:13-37
194        <uses-library
194-->[androidx.window:window:1.0.0] AndroidManifest.xml:28:9-30:40
195            android:name="androidx.window.sidecar"
195-->[androidx.window:window:1.0.0] AndroidManifest.xml:29:13-51
196            android:required="false" />
196-->[androidx.window:window:1.0.0] AndroidManifest.xml:30:13-37
197
198        <provider
198-->[androidx.emoji2:emoji2:1.2.0] AndroidManifest.xml:24:9-32:20
199            android:name="androidx.startup.InitializationProvider"
199-->[androidx.emoji2:emoji2:1.2.0] AndroidManifest.xml:25:13-67
200            android:authorities="com.example.smartwindow.androidx-startup"
200-->[androidx.emoji2:emoji2:1.2.0] AndroidManifest.xml:26:13-68
201            android:exported="false" >
201-->[androidx.emoji2:emoji2:1.2.0] AndroidManifest.xml:27:13-37
202            <meta-data
202-->[androidx.emoji2:emoji2:1.2.0] AndroidManifest.xml:29:13-31:52
203                android:name="androidx.emoji2.text.EmojiCompatInitializer"
203-->[androidx.emoji2:emoji2:1.2.0] AndroidManifest.xml:30:17-75
204                android:value="androidx.startup" />
204-->[androidx.emoji2:emoji2:1.2.0] AndroidManifest.xml:31:17-49
205            <meta-data
205-->[androidx.lifecycle:lifecycle-process:2.4.1] AndroidManifest.xml:31:13-33:52
206                android:name="androidx.lifecycle.ProcessLifecycleInitializer"
206-->[androidx.lifecycle:lifecycle-process:2.4.1] AndroidManifest.xml:32:17-78
207                android:value="androidx.startup" />
207-->[androidx.lifecycle:lifecycle-process:2.4.1] AndroidManifest.xml:33:17-49
208        </provider>
209
210        <service
210-->[com.google.android.datatransport:transport-backend-cct:3.1.8] AndroidManifest.xml:28:9-34:19
211            android:name="com.google.android.datatransport.runtime.backends.TransportBackendDiscovery"
211-->[com.google.android.datatransport:transport-backend-cct:3.1.8] AndroidManifest.xml:29:13-103
212            android:exported="false" >
212-->[com.google.android.datatransport:transport-backend-cct:3.1.8] AndroidManifest.xml:30:13-37
213            <meta-data
213-->[com.google.android.datatransport:transport-backend-cct:3.1.8] AndroidManifest.xml:31:13-33:39
214                android:name="backend:com.google.android.datatransport.cct.CctBackendFactory"
214-->[com.google.android.datatransport:transport-backend-cct:3.1.8] AndroidManifest.xml:32:17-94
215                android:value="cct" />
215-->[com.google.android.datatransport:transport-backend-cct:3.1.8] AndroidManifest.xml:33:17-36
216        </service>
217        <service
217-->[com.google.android.datatransport:transport-runtime:3.1.8] AndroidManifest.xml:26:9-30:19
218            android:name="com.google.android.datatransport.runtime.scheduling.jobscheduling.JobInfoSchedulerService"
218-->[com.google.android.datatransport:transport-runtime:3.1.8] AndroidManifest.xml:27:13-117
219            android:exported="false"
219-->[com.google.android.datatransport:transport-runtime:3.1.8] AndroidManifest.xml:28:13-37
220            android:permission="android.permission.BIND_JOB_SERVICE" >
220-->[com.google.android.datatransport:transport-runtime:3.1.8] AndroidManifest.xml:29:13-69
221        </service>
222
223        <receiver
223-->[com.google.android.datatransport:transport-runtime:3.1.8] AndroidManifest.xml:32:9-34:40
224            android:name="com.google.android.datatransport.runtime.scheduling.jobscheduling.AlarmManagerSchedulerBroadcastReceiver"
224-->[com.google.android.datatransport:transport-runtime:3.1.8] AndroidManifest.xml:33:13-132
225            android:exported="false" />
225-->[com.google.android.datatransport:transport-runtime:3.1.8] AndroidManifest.xml:34:13-37
226    </application>
227
228</manifest>